0 verbose cli /usr/bin/node /usr/bin/npm
1 info using npm@9.2.0
2 info using node@v18.19.1
3 timing npm:load:whichnode Completed in 0ms
4 timing config:load:defaults Completed in 3ms
5 timing config:load:file:/usr/share/nodejs/npm/npmrc Completed in 15ms
6 timing config:load:builtin Completed in 16ms
7 timing config:load:cli Completed in 6ms
8 timing config:load:env Completed in 1ms
9 timing config:load:file:/home/jonwretlind/frontend/.npmrc Completed in 0ms
10 timing config:load:project Completed in 12ms
11 timing config:load:file:/home/jonwretlind/.npmrc Completed in 1ms
12 timing config:load:user Completed in 2ms
13 timing config:load:file:/etc/npmrc Completed in 0ms
14 timing config:load:global Completed in 0ms
15 timing config:load:setEnvs Completed in 4ms
16 timing config:load Completed in 46ms
17 timing npm:load:configload Completed in 46ms
18 timing npm:load:mkdirpcache Completed in 1ms
19 timing npm:load:mkdirplogs Completed in 0ms
20 verbose title npm install dotenv
21 verbose argv "install" "dotenv" "--save"
22 timing npm:load:setTitle Completed in 5ms
23 timing config:load:flatten Completed in 9ms
24 timing npm:load:display Completed in 12ms
25 verbose logfile logs-max:10 dir:/home/jonwretlind/.npm/_logs/2024-11-05T17_23_16_828Z-
26 verbose logfile /home/jonwretlind/.npm/_logs/2024-11-05T17_23_16_828Z-debug-0.log
27 timing npm:load:logFile Completed in 14ms
28 timing npm:load:timers Completed in 0ms
29 timing npm:load:configScope Completed in 0ms
30 timing npm:load Completed in 81ms
31 silly logfile start cleaning logs, removing 1 files
32 timing config:load:flatten Completed in 1ms
33 timing arborist:ctor Completed in 1ms
34 silly logfile done cleaning log files
35 timing idealTree:init Completed in 964ms
36 timing idealTree:userRequests Completed in 12ms
37 silly idealTree buildDeps
38 silly fetch manifest dotenv@*
39 verbose shrinkwrap failed to load node_modules/.package-lock.json out of date, updated: node_modules
40 http fetch GET 200 https://registry.npmjs.org/dotenv 1561ms (cache miss)
41 silly placeDep ROOT dotenv@16.4.5 OK for: ark-house-management-app@0.1.0 want: *
42 timing idealTree:#root Completed in 1584ms
43 silly fetch manifest webpack@>=5
44 http fetch GET 200 https://registry.npmjs.org/webpack 73ms (cache revalidated)
45 silly placeDep ROOT webpack@5.96.1 OK for: babel-loader@9.2.1 want: >=5
46 silly fetch manifest @types/eslint-scope@^3.7.7
47 silly fetch manifest @webassemblyjs/ast@^1.12.1
48 silly fetch manifest @webassemblyjs/wasm-edit@^1.12.1
49 silly fetch manifest @webassemblyjs/wasm-parser@^1.12.1
50 silly fetch manifest acorn@^8.14.0
51 silly fetch manifest chrome-trace-event@^1.0.2
52 silly fetch manifest enhanced-resolve@^5.17.1
53 silly fetch manifest es-module-lexer@^1.2.1
54 silly fetch manifest eslint-scope@5.1.1
55 silly fetch manifest events@^3.2.0
56 silly fetch manifest glob-to-regexp@^0.4.1
57 silly fetch manifest loader-runner@^4.2.0
58 silly fetch manifest neo-async@^2.6.2
59 silly fetch manifest schema-utils@^3.2.0
60 silly fetch manifest tapable@^2.1.1
61 silly fetch manifest terser-webpack-plugin@^5.3.10
62 silly fetch manifest watchpack@^2.4.1
63 silly fetch manifest webpack-sources@^3.2.3
64 http fetch GET 200 https://registry.npmjs.org/webpack-sources 302ms (cache revalidated)
65 http fetch GET 200 https://registry.npmjs.org/chrome-trace-event 362ms (cache revalidated)
66 http fetch GET 200 https://registry.npmjs.org/neo-async 362ms (cache revalidated)
67 http fetch GET 200 https://registry.npmjs.org/tapable 365ms (cache revalidated)
68 http fetch GET 200 https://registry.npmjs.org/@types%2feslint-scope 383ms (cache revalidated)
69 http fetch GET 200 https://registry.npmjs.org/loader-runner 371ms (cache revalidated)
70 http fetch GET 200 https://registry.npmjs.org/terser-webpack-plugin 371ms (cache revalidated)
71 http fetch GET 200 https://registry.npmjs.org/eslint-scope 384ms (cache revalidated)
72 http fetch GET 200 https://registry.npmjs.org/enhanced-resolve 396ms (cache revalidated)
73 http fetch GET 200 https://registry.npmjs.org/acorn 405ms (cache revalidated)
74 http fetch GET 200 https://registry.npmjs.org/glob-to-regexp 405ms (cache revalidated)
75 http fetch GET 200 https://registry.npmjs.org/@webassemblyjs%2fwasm-parser 413ms (cache revalidated)
76 http fetch GET 200 https://registry.npmjs.org/es-module-lexer 413ms (cache revalidated)
77 http fetch GET 200 https://registry.npmjs.org/@webassemblyjs%2fast 427ms (cache revalidated)
78 http fetch GET 200 https://registry.npmjs.org/watchpack 414ms (cache revalidated)
79 http fetch GET 200 https://registry.npmjs.org/@webassemblyjs%2fwasm-edit 429ms (cache revalidated)
80 http fetch GET 200 https://registry.npmjs.org/schema-utils 423ms (cache revalidated)
81 http fetch GET 200 https://registry.npmjs.org/events 442ms (cache revalidated)
82 timing idealTree:node_modules/babel-loader Completed in 572ms
83 timing idealTree:node_modules/dotenv Completed in 1ms
84 silly fetch manifest react@^16.3.0
85 http fetch GET 200 https://registry.npmjs.org/react 192ms (cache updated)
86 warn ERESOLVE overriding peer dependency {
86 warn ERESOLVE   code: 'ERESOLVE',
86 warn ERESOLVE   edge: {
86 warn ERESOLVE     type: 'peer',
86 warn ERESOLVE     name: 'react',
86 warn ERESOLVE     spec: '^16.3.0',
86 warn ERESOLVE     error: 'INVALID',
86 warn ERESOLVE     from: {
86 warn ERESOLVE       name: 'react-event-listener',
86 warn ERESOLVE       version: '0.6.6',
86 warn ERESOLVE       location: 'node_modules/react-event-listener',
86 warn ERESOLVE       isWorkspace: false,
86 warn ERESOLVE       dependents: [Array]
86 warn ERESOLVE     }
86 warn ERESOLVE   },
86 warn ERESOLVE   dep: {
86 warn ERESOLVE     name: 'react',
86 warn ERESOLVE     version: '16.14.0',
86 warn ERESOLVE     whileInstalling: {
86 warn ERESOLVE       name: 'react-event-listener',
86 warn ERESOLVE       version: '0.6.6',
86 warn ERESOLVE       path: '/home/jonwretlind/frontend/node_modules/react-event-listener'
86 warn ERESOLVE     },
86 warn ERESOLVE     location: 'node_modules/react',
86 warn ERESOLVE     isWorkspace: false,
86 warn ERESOLVE     dependents: [ [Object] ]
86 warn ERESOLVE   },
86 warn ERESOLVE   force: false,
86 warn ERESOLVE   isMine: false,
86 warn ERESOLVE   strictPeerDeps: false,
86 warn ERESOLVE   current: {
86 warn ERESOLVE     name: 'react',
86 warn ERESOLVE     version: '18.3.1',
86 warn ERESOLVE     location: 'node_modules/react',
86 warn ERESOLVE     isWorkspace: false,
86 warn ERESOLVE     dependents: [
86 warn ERESOLVE       [Object], [Object], [Object],
86 warn ERESOLVE       [Object], [Object], [Object],
86 warn ERESOLVE       [Object], [Object], [Object],
86 warn ERESOLVE       [Object], [Object], [Object],
86 warn ERESOLVE       [Object], [Object], [Object],
86 warn ERESOLVE       [Object], [Object], [Object],
86 warn ERESOLVE       [Object], [Object]
86 warn ERESOLVE     ]
86 warn ERESOLVE   },
86 warn ERESOLVE   peerConflict: {
86 warn ERESOLVE     current: {
86 warn ERESOLVE       name: 'react',
86 warn ERESOLVE       version: '18.3.1',
86 warn ERESOLVE       location: 'node_modules/react',
86 warn ERESOLVE       isWorkspace: false,
86 warn ERESOLVE       dependents: [Array]
86 warn ERESOLVE     },
86 warn ERESOLVE     peer: {
86 warn ERESOLVE       name: 'react',
86 warn ERESOLVE       version: '16.14.0',
86 warn ERESOLVE       whileInstalling: [Object],
86 warn ERESOLVE       location: 'node_modules/react',
86 warn ERESOLVE       isWorkspace: false,
86 warn ERESOLVE       dependents: [Array]
86 warn ERESOLVE     }
86 warn ERESOLVE   }
86 warn ERESOLVE }
87 timing idealTree:node_modules/react-event-listener Completed in 390ms
88 silly fetch manifest react@^15.3.0 || ^16.0.0 || ^17.0.0
89 timing idealTree Completed in 3609ms
90 timing command:install Completed in 3623ms
91 verbose stack Error: could not resolve
91 verbose stack     at PlaceDep.failPeerConflict (/usr/share/nodejs/@npmcli/arborist/lib/place-dep.js:502:25)
91 verbose stack     at new PlaceDep (/usr/share/nodejs/@npmcli/arborist/lib/place-dep.js:156:21)
91 verbose stack     at /usr/share/nodejs/@npmcli/arborist/lib/arborist/build-ideal-tree.js:942:31
91 verbose stack     at Array.map (<anonymous>)
91 verbose stack     at [buildDepStep] (/usr/share/nodejs/@npmcli/arborist/lib/arborist/build-ideal-tree.js:942:8)
91 verbose stack     at async Arborist.buildIdealTree (/usr/share/nodejs/@npmcli/arborist/lib/arborist/build-ideal-tree.js:206:7)
91 verbose stack     at async Promise.all (index 1)
91 verbose stack     at async Arborist.reify (/usr/share/nodejs/@npmcli/arborist/lib/arborist/reify.js:156:5)
91 verbose stack     at async Install.exec (/usr/share/nodejs/npm/lib/commands/install.js:146:5)
91 verbose stack     at async module.exports (/usr/share/nodejs/npm/lib/cli.js:133:5)
92 verbose cwd /home/jonwretlind/frontend
93 verbose Linux 6.8.0-1017-azure
94 verbose node v18.19.1
95 verbose npm  v9.2.0
96 error code ERESOLVE
97 error ERESOLVE could not resolve
98 error
99 error While resolving: [1mreact-swipeable-views[22m@[1m0.14.0[22m
99 error Found: [1mreact[22m@[1m18.3.1[22m[2m[22m
99 error [2mnode_modules/react[22m
99 error   [35mpeer[39m [1mreact[22m@"[1m>=16.8.0[22m" from [1m@emotion/react[22m@[1m11.13.3[22m[2m[22m
99 error   [2mnode_modules/@emotion/react[22m
99 error     [35mpeer[39m [1m@emotion/react[22m@"[1m^11.0.0-rc.0[22m" from [1m@emotion/styled[22m@[1m11.13.0[22m[2m[22m
99 error     [2mnode_modules/@emotion/styled[22m
99 error       peerOptional [1m@emotion/styled[22m@"[1m^11.3.0[22m" from [1m@mui/material[22m@[1m6.1.5[22m[2m[22m
99 error       [2mnode_modules/@mui/material[22m
99 error         [35mpeer[39m [1m@mui/material[22m@"[1m^6.1.5[22m" from [1m@mui/icons-material[22m@[1m6.1.5[22m[2m[22m
99 error         [2mnode_modules/@mui/icons-material[22m
99 error         1 more (the root project)
99 error       3 more (@mui/styled-engine, @mui/system, the root project)
99 error     peerOptional [1m@emotion/react[22m@"[1m^11.5.0[22m" from [1m@mui/material[22m@[1m6.1.5[22m[2m[22m
99 error     [2mnode_modules/@mui/material[22m
99 error       [35mpeer[39m [1m@mui/material[22m@"[1m^6.1.5[22m" from [1m@mui/icons-material[22m@[1m6.1.5[22m[2m[22m
99 error       [2mnode_modules/@mui/icons-material[22m
99 error         [1m@mui/icons-material[22m@"[1m^6.1.5[22m" from the root project
99 error       1 more (the root project)
99 error     3 more (@mui/styled-engine, @mui/system, the root project)
99 error   [35mpeer[39m [1mreact[22m@"[1m>=16.8.0[22m" from [1m@emotion/styled[22m@[1m11.13.0[22m[2m[22m
99 error   [2mnode_modules/@emotion/styled[22m
99 error     peerOptional [1m@emotion/styled[22m@"[1m^11.3.0[22m" from [1m@mui/material[22m@[1m6.1.5[22m[2m[22m
99 error     [2mnode_modules/@mui/material[22m
99 error       [35mpeer[39m [1m@mui/material[22m@"[1m^6.1.5[22m" from [1m@mui/icons-material[22m@[1m6.1.5[22m[2m[22m
99 error       [2mnode_modules/@mui/icons-material[22m
99 error         [1m@mui/icons-material[22m@"[1m^6.1.5[22m" from the root project
99 error       1 more (the root project)
99 error     peerOptional [1m@emotion/styled[22m@"[1m^11.3.0[22m" from [1m@mui/styled-engine[22m@[1m6.1.5[22m[2m[22m
99 error     [2mnode_modules/@mui/styled-engine[22m
99 error       [1m@mui/styled-engine[22m@"[1m^6.1.5[22m" from [1m@mui/system[22m@[1m6.1.5[22m[2m[22m
99 error       [2mnode_modules/@mui/system[22m
99 error         [1m@mui/system[22m@"[1m^6.1.5[22m" from [1m@mui/material[22m@[1m6.1.5[22m[2m[22m
99 error         [2mnode_modules/@mui/material[22m
99 error     2 more (@mui/system, the root project)
99 error   18 more (@emotion/use-insertion-effect-with-fallbacks, ...)
99 error
99 error Could not resolve dependency:
99 error [35mpeer[39m [1mreact[22m@"[1m^15.3.0 || ^16.0.0 || ^17.0.0[22m" from [1mreact-swipeable-views[22m@[1m0.14.0[22m[2m[22m
99 error [2mnode_modules/react-swipeable-views[22m
99 error   [1mreact-swipeable-views[22m@"[1m^0.14.0[22m" from the root project
99 error
99 error Conflicting peer dependency: [1mreact[22m@[1m17.0.2[22m[2m[22m
99 error [2mnode_modules/react[22m
99 error   [35mpeer[39m [1mreact[22m@"[1m^15.3.0 || ^16.0.0 || ^17.0.0[22m" from [1mreact-swipeable-views[22m@[1m0.14.0[22m[2m[22m
99 error   [2mnode_modules/react-swipeable-views[22m
99 error     [1mreact-swipeable-views[22m@"[1m^0.14.0[22m" from the root project
99 error
99 error Fix the upstream dependency conflict, or retry
99 error this command with --force or --legacy-peer-deps
99 error to accept an incorrect (and potentially broken) dependency resolution.
100 error
100 error
100 error For a full report see:
100 error /home/jonwretlind/.npm/_logs/2024-11-05T17_23_16_828Z-eresolve-report.txt
101 verbose exit 1
102 timing npm Completed in 3764ms
103 verbose unfinished npm timer reify 1730827396959
104 verbose unfinished npm timer reify:loadTrees 1730827396963
105 verbose unfinished npm timer idealTree:buildDeps 1730827397946
106 verbose unfinished npm timer idealTree:node_modules/react-swipeable-views 1730827400496
107 verbose code 1
108 error A complete log of this run can be found in:
108 error     /home/jonwretlind/.npm/_logs/2024-11-05T17_23_16_828Z-debug-0.log
