0 verbose cli /usr/bin/node /usr/bin/npm
1 info using npm@9.2.0
2 info using node@v18.19.1
3 timing npm:load:whichnode Completed in 1ms
4 timing config:load:defaults Completed in 3ms
5 timing config:load:file:/usr/share/nodejs/npm/npmrc Completed in 7ms
6 timing config:load:builtin Completed in 7ms
7 timing config:load:cli Completed in 7ms
8 timing config:load:env Completed in 1ms
9 timing config:load:file:/home/jonwretlind/frontend/.npmrc Completed in 0ms
10 timing config:load:project Completed in 9ms
11 timing config:load:file:/home/jonwretlind/.npmrc Completed in 1ms
12 timing config:load:user Completed in 1ms
13 timing config:load:file:/etc/npmrc Completed in 2ms
14 timing config:load:global Completed in 2ms
15 timing config:load:setEnvs Completed in 5ms
16 timing config:load Completed in 35ms
17 timing npm:load:configload Completed in 35ms
18 timing npm:load:mkdirpcache Completed in 1ms
19 timing npm:load:mkdirplogs Completed in 2ms
20 verbose title npm install dotenv
21 verbose argv "install" "dotenv" "--save" "--legacy-peer-deps"
22 timing npm:load:setTitle Completed in 5ms
23 timing config:load:flatten Completed in 9ms
24 timing npm:load:display Completed in 12ms
25 verbose logfile logs-max:10 dir:/home/jonwretlind/.npm/_logs/2024-11-05T17_23_30_374Z-
26 verbose logfile /home/jonwretlind/.npm/_logs/2024-11-05T17_23_30_374Z-debug-0.log
27 timing npm:load:logFile Completed in 13ms
28 timing npm:load:timers Completed in 0ms
29 timing npm:load:configScope Completed in 0ms
30 timing npm:load Completed in 69ms
31 silly logfile start cleaning logs, removing 1 files
32 timing config:load:flatten Completed in 0ms
33 timing arborist:ctor Completed in 2ms
34 silly logfile done cleaning log files
35 timing idealTree:init Completed in 861ms
36 timing idealTree:userRequests Completed in 11ms
37 silly idealTree buildDeps
38 silly fetch manifest dotenv@*
39 verbose shrinkwrap failed to load node_modules/.package-lock.json out of date, updated: node_modules
40 http fetch GET 200 https://registry.npmjs.org/dotenv 893ms (cache hit)
41 silly placeDep ROOT dotenv@16.4.5 OK for: ark-house-management-app@0.1.0 want: *
42 timing idealTree:#root Completed in 913ms
43 timing idealTree:node_modules/dotenv Completed in 0ms
44 timing idealTree:buildDeps Completed in 915ms
45 timing idealTree:fixDepFlags Completed in 24ms
46 timing idealTree Completed in 1838ms
47 timing reify:loadTrees Completed in 2074ms
48 timing reify:diffTrees Completed in 47ms
49 silly reify moves {}
50 timing reify:retireShallow Completed in 2ms
51 timing reify:createSparse Completed in 12ms
52 timing reify:loadBundles Completed in 0ms
53 silly audit bulk request {
53 silly audit   '@adobe/css-tools': [ '4.4.0' ],
53 silly audit   '@ampproject/remapping': [ '2.3.0' ],
53 silly audit   '@babel/code-frame': [ '7.25.9' ],
53 silly audit   '@babel/compat-data': [ '7.25.9' ],
53 silly audit   '@babel/core': [ '7.25.9' ],
53 silly audit   '@babel/generator': [ '7.25.9' ],
53 silly audit   '@babel/helper-annotate-as-pure': [ '7.25.9' ],
53 silly audit   '@babel/helper-builder-binary-assignment-operator-visitor': [ '7.25.9' ],
53 silly audit   '@babel/helper-compilation-targets': [ '7.25.9' ],
53 silly audit   '@babel/helper-create-class-features-plugin': [ '7.25.9' ],
53 silly audit   '@babel/helper-create-regexp-features-plugin': [ '7.25.9' ],
53 silly audit   '@babel/helper-define-polyfill-provider': [ '0.6.2' ],
53 silly audit   '@babel/helper-member-expression-to-functions': [ '7.25.9' ],
53 silly audit   '@babel/helper-module-imports': [ '7.25.9' ],
53 silly audit   '@babel/helper-module-transforms': [ '7.25.9' ],
53 silly audit   '@babel/helper-optimise-call-expression': [ '7.25.9' ],
53 silly audit   '@babel/helper-plugin-utils': [ '7.25.9' ],
53 silly audit   '@babel/helper-remap-async-to-generator': [ '7.25.9' ],
53 silly audit   '@babel/helper-replace-supers': [ '7.25.9' ],
53 silly audit   '@babel/helper-simple-access': [ '7.25.9' ],
53 silly audit   '@babel/helper-skip-transparent-expression-wrappers': [ '7.25.9' ],
53 silly audit   '@babel/helper-string-parser': [ '7.25.9' ],
53 silly audit   '@babel/helper-validator-identifier': [ '7.25.9' ],
53 silly audit   '@babel/helper-validator-option': [ '7.25.9' ],
53 silly audit   '@babel/helper-wrap-function': [ '7.25.9' ],
53 silly audit   '@babel/helpers': [ '7.25.9' ],
53 silly audit   '@babel/highlight': [ '7.25.9' ],
53 silly audit   '@babel/parser': [ '7.25.9' ],
53 silly audit   '@babel/plugin-bugfix-firefox-class-in-computed-class-key': [ '7.25.9' ],
53 silly audit   '@babel/plugin-bugfix-safari-class-field-initializer-scope': [ '7.25.9' ],
53 silly audit   '@babel/plugin-bugfix-safari-id-destructuring-collision-in-function-expression': [ '7.25.9' ],
53 silly audit   '@babel/plugin-bugfix-v8-spread-parameters-in-optional-chaining': [ '7.25.9' ],
53 silly audit   '@babel/plugin-bugfix-v8-static-class-fields-redefine-readonly': [ '7.25.9' ],
53 silly audit   '@babel/plugin-proposal-private-property-in-object': [ '7.21.11', '7.21.0-placeholder-for-preset-env.2' ],
53 silly audit   '@babel/plugin-syntax-import-assertions': [ '7.25.9' ],
53 silly audit   '@babel/plugin-syntax-import-attributes': [ '7.25.9' ],
53 silly audit   '@babel/plugin-syntax-jsx': [ '7.25.9' ],
53 silly audit   '@babel/plugin-syntax-private-property-in-object': [ '7.14.5' ],
53 silly audit   '@babel/plugin-syntax-unicode-sets-regex': [ '7.18.6' ],
53 silly audit   '@babel/plugin-transform-arrow-functions': [ '7.25.9' ],
53 silly audit   '@babel/plugin-transform-async-generator-functions': [ '7.25.9' ],
53 silly audit   '@babel/plugin-transform-async-to-generator': [ '7.25.9' ],
53 silly audit   '@babel/plugin-transform-block-scoped-functions': [ '7.25.9' ],
53 silly audit   '@babel/plugin-transform-block-scoping': [ '7.25.9' ],
53 silly audit   '@babel/plugin-transform-class-properties': [ '7.25.9' ],
53 silly audit   '@babel/plugin-transform-class-static-block': [ '7.25.9' ],
53 silly audit   '@babel/plugin-transform-classes': [ '7.25.9' ],
53 silly audit   '@babel/plugin-transform-computed-properties': [ '7.25.9' ],
53 silly audit   '@babel/plugin-transform-destructuring': [ '7.25.9' ],
53 silly audit   '@babel/plugin-transform-dotall-regex': [ '7.25.9' ],
53 silly audit   '@babel/plugin-transform-duplicate-keys': [ '7.25.9' ],
53 silly audit   '@babel/plugin-transform-duplicate-named-capturing-groups-regex': [ '7.25.9' ],
53 silly audit   '@babel/plugin-transform-dynamic-import': [ '7.25.9' ],
53 silly audit   '@babel/plugin-transform-exponentiation-operator': [ '7.25.9' ],
53 silly audit   '@babel/plugin-transform-export-namespace-from': [ '7.25.9' ],
53 silly audit   '@babel/plugin-transform-for-of': [ '7.25.9' ],
53 silly audit   '@babel/plugin-transform-function-name': [ '7.25.9' ],
53 silly audit   '@babel/plugin-transform-json-strings': [ '7.25.9' ],
53 silly audit   '@babel/plugin-transform-literals': [ '7.25.9' ],
53 silly audit   '@babel/plugin-transform-logical-assignment-operators': [ '7.25.9' ],
53 silly audit   '@babel/plugin-transform-member-expression-literals': [ '7.25.9' ],
53 silly audit   '@babel/plugin-transform-modules-amd': [ '7.25.9' ],
53 silly audit   '@babel/plugin-transform-modules-commonjs': [ '7.25.9' ],
53 silly audit   '@babel/plugin-transform-modules-systemjs': [ '7.25.9' ],
53 silly audit   '@babel/plugin-transform-modules-umd': [ '7.25.9' ],
53 silly audit   '@babel/plugin-transform-named-capturing-groups-regex': [ '7.25.9' ],
53 silly audit   '@babel/plugin-transform-new-target': [ '7.25.9' ],
53 silly audit   '@babel/plugin-transform-nullish-coalescing-operator': [ '7.25.9' ],
53 silly audit   '@babel/plugin-transform-numeric-separator': [ '7.25.9' ],
53 silly audit   '@babel/plugin-transform-object-rest-spread': [ '7.25.9' ],
53 silly audit   '@babel/plugin-transform-object-super': [ '7.25.9' ],
53 silly audit   '@babel/plugin-transform-optional-catch-binding': [ '7.25.9' ],
53 silly audit   '@babel/plugin-transform-optional-chaining': [ '7.25.9' ],
53 silly audit   '@babel/plugin-transform-parameters': [ '7.25.9' ],
53 silly audit   '@babel/plugin-transform-private-methods': [ '7.25.9' ],
53 silly audit   '@babel/plugin-transform-private-property-in-object': [ '7.25.9' ],
53 silly audit   '@babel/plugin-transform-property-literals': [ '7.25.9' ],
53 silly audit   '@babel/plugin-transform-react-display-name': [ '7.25.9' ],
53 silly audit   '@babel/plugin-transform-react-jsx': [ '7.25.9' ],
53 silly audit   '@babel/plugin-transform-react-jsx-development': [ '7.25.9' ],
53 silly audit   '@babel/plugin-transform-react-jsx-self': [ '7.25.9' ],
53 silly audit   '@babel/plugin-transform-react-jsx-source': [ '7.25.9' ],
53 silly audit   '@babel/plugin-transform-react-pure-annotations': [ '7.25.9' ],
53 silly audit   '@babel/plugin-transform-regenerator': [ '7.25.9' ],
53 silly audit   '@babel/plugin-transform-reserved-words': [ '7.25.9' ],
53 silly audit   '@babel/plugin-transform-shorthand-properties': [ '7.25.9' ],
53 silly audit   '@babel/plugin-transform-spread': [ '7.25.9' ],
53 silly audit   '@babel/plugin-transform-sticky-regex': [ '7.25.9' ],
53 silly audit   '@babel/plugin-transform-template-literals': [ '7.25.9' ],
53 silly audit   '@babel/plugin-transform-typeof-symbol': [ '7.25.9' ],
53 silly audit   '@babel/plugin-transform-unicode-escapes': [ '7.25.9' ],
53 silly audit   '@babel/plugin-transform-unicode-property-regex': [ '7.25.9' ],
53 silly audit   '@babel/plugin-transform-unicode-regex': [ '7.25.9' ],
53 silly audit   '@babel/plugin-transform-unicode-sets-regex': [ '7.25.9' ],
53 silly audit   '@babel/preset-env': [ '7.25.9' ],
53 silly audit   '@babel/preset-modules': [ '0.1.6-no-external-plugins' ],
53 silly audit   '@babel/preset-react': [ '7.25.9' ],
53 silly audit   '@babel/runtime': [ '7.25.9', '7.0.0' ],
53 silly audit   '@babel/template': [ '7.25.9' ],
53 silly audit   '@babel/traverse': [ '7.25.9' ],
53 silly audit   '@babel/types': [ '7.25.9' ],
53 silly audit   '@emotion/babel-plugin': [ '11.12.0' ],
53 silly audit   'convert-source-map': [ '1.9.0', '2.0.0' ],
53 silly audit   '@emotion/cache': [ '11.13.1' ],
53 silly audit   '@emotion/hash': [ '0.9.2' ],
53 silly audit   '@emotion/is-prop-valid': [ '1.3.1' ],
53 silly audit   '@emotion/memoize': [ '0.9.0' ],
53 silly audit   '@emotion/react': [ '11.13.3' ],
53 silly audit   '@emotion/serialize': [ '1.3.2' ],
53 silly audit   '@emotion/sheet': [ '1.4.0' ],
53 silly audit   '@emotion/styled': [ '11.13.0' ],
53 silly audit   '@emotion/unitless': [ '0.10.0' ],
53 silly audit   '@emotion/use-insertion-effect-with-fallbacks': [ '1.1.0' ],
53 silly audit   '@emotion/utils': [ '1.4.1' ],
53 silly audit   '@emotion/weak-memoize': [ '0.4.0' ],
53 silly audit   '@esbuild/aix-ppc64': [ '0.21.5' ],
53 silly audit   '@esbuild/android-arm': [ '0.21.5' ],
53 silly audit   '@esbuild/android-arm64': [ '0.21.5' ],
53 silly audit   '@esbuild/android-x64': [ '0.21.5' ],
53 silly audit   '@esbuild/darwin-arm64': [ '0.21.5' ],
53 silly audit   '@esbuild/darwin-x64': [ '0.21.5' ],
53 silly audit   '@esbuild/freebsd-arm64': [ '0.21.5' ],
53 silly audit   '@esbuild/freebsd-x64': [ '0.21.5' ],
53 silly audit   '@esbuild/linux-arm': [ '0.21.5' ],
53 silly audit   '@esbuild/linux-arm64': [ '0.21.5' ],
53 silly audit   '@esbuild/linux-ia32': [ '0.21.5' ],
53 silly audit   '@esbuild/linux-loong64': [ '0.21.5' ],
53 silly audit   '@esbuild/linux-mips64el': [ '0.21.5' ],
53 silly audit   '@esbuild/linux-ppc64': [ '0.21.5' ],
53 silly audit   '@esbuild/linux-riscv64': [ '0.21.5' ],
53 silly audit   '@esbuild/linux-s390x': [ '0.21.5' ],
53 silly audit   '@esbuild/linux-x64': [ '0.21.5' ],
53 silly audit   '@esbuild/netbsd-x64': [ '0.21.5' ],
53 silly audit   '@esbuild/openbsd-x64': [ '0.21.5' ],
53 silly audit   '@esbuild/sunos-x64': [ '0.21.5' ],
53 silly audit   '@esbuild/win32-arm64': [ '0.21.5' ],
53 silly audit   '@esbuild/win32-ia32': [ '0.21.5' ],
53 silly audit   '@esbuild/win32-x64': [ '0.21.5' ],
53 silly audit   '@jest/expect-utils': [ '29.7.0' ],
53 silly audit   '@jest/schemas': [ '29.6.3' ],
53 silly audit   '@jest/types': [ '29.6.3' ],
53 silly audit   'ansi-styles': [ '4.3.0', '5.2.0', '3.2.1' ],
53 silly audit   chalk: [ '4.1.2', '3.0.0', '2.4.2' ],
53 silly audit   'color-convert': [ '2.0.1', '1.9.3' ],
53 silly audit   'color-name': [ '1.1.4', '1.1.3' ],
53 silly audit   'has-flag': [ '4.0.0', '3.0.0' ],
53 silly audit   'supports-color': [ '7.2.0', '5.5.0' ],
53 silly audit   '@jridgewell/gen-mapping': [ '0.3.5' ],
53 silly audit   '@jridgewell/resolve-uri': [ '3.1.2' ],
53 silly audit   '@jridgewell/set-array': [ '1.2.1' ],
53 silly audit   '@jridgewell/sourcemap-codec': [ '1.5.0' ],
53 silly audit   '@jridgewell/trace-mapping': [ '0.3.25' ],
53 silly audit   '@mapbox/node-pre-gyp': [ '1.0.11' ],
53 silly audit   semver: [ '7.6.3', '6.3.1' ],
53 silly audit   '@mongodb-js/saslprep': [ '1.1.9' ],
53 silly audit   '@mui/core-downloads-tracker': [ '6.1.5' ],
53 silly audit   '@mui/icons-material': [ '6.1.5' ],
53 silly audit   '@mui/material': [ '6.1.5' ],
53 silly audit   '@mui/private-theming': [ '6.1.5' ],
53 silly audit   '@mui/styled-engine': [ '6.1.5' ],
53 silly audit   '@mui/system': [ '6.1.5' ],
53 silly audit   '@mui/types': [ '7.2.18' ],
53 silly audit   '@mui/utils': [ '6.1.5' ],
53 silly audit   '@popperjs/core': [ '2.11.8' ],
53 silly audit   '@react-dnd/asap': [ '5.0.2' ],
53 silly audit   '@react-dnd/invariant': [ '4.0.2' ],
53 silly audit   '@react-dnd/shallowequal': [ '4.0.2' ],
53 silly audit   '@remix-run/router': [ '1.20.0' ],
53 silly audit   '@rollup/rollup-android-arm-eabi': [ '4.24.0' ],
53 silly audit   '@rollup/rollup-android-arm64': [ '4.24.0' ],
53 silly audit   '@rollup/rollup-darwin-arm64': [ '4.24.0' ],
53 silly audit   '@rollup/rollup-darwin-x64': [ '4.24.0' ],
53 silly audit   '@rollup/rollup-linux-arm-gnueabihf': [ '4.24.0' ],
53 silly audit   '@rollup/rollup-linux-arm-musleabihf': [ '4.24.0' ],
53 silly audit   '@rollup/rollup-linux-arm64-gnu': [ '4.24.0' ],
53 silly audit   '@rollup/rollup-linux-arm64-musl': [ '4.24.0' ],
53 silly audit   '@rollup/rollup-linux-powerpc64le-gnu': [ '4.24.0' ],
53 silly audit   '@rollup/rollup-linux-riscv64-gnu': [ '4.24.0' ],
53 silly audit   '@rollup/rollup-linux-s390x-gnu': [ '4.24.0' ],
53 silly audit   '@rollup/rollup-linux-x64-gnu': [ '4.24.0' ],
53 silly audit   '@rollup/rollup-linux-x64-musl': [ '4.24.0' ],
53 silly audit   '@rollup/rollup-win32-arm64-msvc': [ '4.24.0' ],
53 silly audit   '@rollup/rollup-win32-ia32-msvc': [ '4.24.0' ],
53 silly audit   '@rollup/rollup-win32-x64-msvc': [ '4.24.0' ],
53 silly audit   '@sinclair/typebox': [ '0.27.8' ],
53 silly audit   '@testing-library/dom': [ '8.20.1' ],
53 silly audit   'aria-query': [ '5.1.3', '5.3.2' ],
53 silly audit   '@testing-library/jest-dom': [ '5.17.0' ],
53 silly audit   '@testing-library/react': [ '13.4.0' ],
53 silly audit   '@testing-library/user-event': [ '13.5.0' ],
53 silly audit   '@types/aria-query': [ '5.0.4' ],
53 silly audit   '@types/babel__core': [ '7.20.5' ],
53 silly audit   '@types/babel__generator': [ '7.6.8' ],
53 silly audit   '@types/babel__template': [ '7.4.4' ],
53 silly audit   '@types/babel__traverse': [ '7.20.6' ],
53 silly audit   '@types/estree': [ '1.0.6' ],
53 silly audit   '@types/hoist-non-react-statics': [ '3.3.5' ],
53 silly audit   '@types/istanbul-lib-coverage': [ '2.0.6' ],
53 silly audit   '@types/istanbul-lib-report': [ '3.0.3' ],
53 silly audit   '@types/istanbul-reports': [ '3.0.4' ],
53 silly audit   '@types/jest': [ '29.5.14' ],
53 silly audit   'pretty-format': [ '29.7.0', '27.5.1' ],
53 silly audit   '@types/json-schema': [ '7.0.15' ],
53 silly audit   '@types/node': [ '22.7.9' ],
53 silly audit   '@types/parse-json': [ '4.0.2' ],
53 silly audit   '@types/prop-types': [ '15.7.13' ],
53 silly audit   '@types/react': [ '18.3.12' ],
53 silly audit   '@types/react-dom': [ '18.3.1' ],
53 silly audit   '@types/react-redux': [ '7.1.34' ],
53 silly audit   '@types/react-transition-group': [ '4.4.11' ],
53 silly audit   '@types/stack-utils': [ '2.0.3' ],
53 silly audit   '@types/testing-library__jest-dom': [ '5.14.9' ],
53 silly audit   '@types/webidl-conversions': [ '7.0.3' ],
53 silly audit   '@types/whatwg-url': [ '11.0.5' ],
53 silly audit   '@types/yargs': [ '17.0.33' ],
53 silly audit   '@types/yargs-parser': [ '21.0.3' ],
53 silly audit   '@vitejs/plugin-react': [ '4.3.3' ],
53 silly audit   abbrev: [ '1.1.1' ],
53 silly audit   'agent-base': [ '6.0.2' ],
53 silly audit   ajv: [ '8.17.1' ],
53 silly audit   'ajv-formats': [ '2.1.1' ],
53 silly audit   'ajv-keywords': [ '5.1.0' ],
53 silly audit   'ansi-regex': [ '5.0.1' ],
53 silly audit   aproba: [ '2.0.0' ],
53 silly audit   'are-we-there-yet': [ '2.0.0' ],
53 silly audit   'array-buffer-byte-length': [ '1.0.1' ],
53 silly audit   asynckit: [ '0.4.0' ],
53 silly audit   'available-typed-arrays': [ '1.0.7' ],
53 silly audit   axios: [ '1.7.7' ],
53 silly audit   'babel-loader': [ '9.2.1' ],
53 silly audit   'babel-plugin-macros': [ '3.1.0' ],
53 silly audit   'babel-plugin-polyfill-corejs2': [ '0.4.11' ],
53 silly audit   'babel-plugin-polyfill-corejs3': [ '0.10.6' ],
53 silly audit   'babel-plugin-polyfill-regenerator': [ '0.6.2' ],
53 silly audit   'balanced-match': [ '1.0.2' ],
53 silly audit   bcrypt: [ '5.1.1' ],
53 silly audit   'brace-expansion': [ '1.1.11' ],
53 silly audit   braces: [ '3.0.3' ],
53 silly audit   browserslist: [ '4.24.2' ],
53 silly audit   bson: [ '6.9.0' ],
53 silly audit   'call-bind': [ '1.0.7' ],
53 silly audit   callsites: [ '3.1.0' ],
53 silly audit   'caniuse-lite': [ '1.0.30001669' ],
53 silly audit   'escape-string-regexp': [ '1.0.5', '4.0.0', '2.0.0' ],
53 silly audit   chownr: [ '2.0.0' ],
53 silly audit   'ci-info': [ '3.9.0' ],
53 silly audit   clsx: [ '2.1.1' ],
53 silly audit   'color-support': [ '1.1.3' ],
53 silly audit   'combined-stream': [ '1.0.8' ],
53 silly audit   'common-path-prefix': [ '3.0.0' ],
53 silly audit   'concat-map': [ '0.0.1' ],
53 silly audit   'console-control-strings': [ '1.1.0' ],
53 silly audit   'core-js-compat': [ '3.38.1' ],
53 silly audit   cors: [ '2.8.5' ],
53 silly audit   cosmiconfig: [ '7.1.0' ],
53 silly audit   'css-box-model': [ '1.2.1' ],
53 silly audit   'css.escape': [ '1.5.1' ],
53 silly audit   csstype: [ '3.1.3' ],
53 silly audit   'date-fns': [ '4.1.0' ],
53 silly audit   debug: [ '4.3.7' ],
53 silly audit   'deep-equal': [ '2.2.3' ],
53 silly audit   'define-data-property': [ '1.1.4' ],
53 silly audit   'define-properties': [ '1.2.1' ],
53 silly audit   'delayed-stream': [ '1.0.0' ],
53 silly audit   delegates: [ '1.0.0' ],
53 silly audit   'detect-libc': [ '2.0.3' ],
53 silly audit   'diff-sequences': [ '29.6.3' ],
53 silly audit   'dnd-core': [ '16.0.1' ],
53 silly audit   'dom-accessibility-api': [ '0.5.16' ],
53 silly audit   'dom-helpers': [ '5.2.1' ],
53 silly audit   'electron-to-chromium': [ '1.5.45' ],
53 silly audit   'emoji-regex': [ '8.0.0' ],
53 silly audit   'error-ex': [ '1.3.2' ],
53 silly audit   'es-define-property': [ '1.0.0' ],
53 silly audit   'es-errors': [ '1.3.0' ],
53 silly audit   'es-get-iterator': [ '1.1.3' ],
53 silly audit   esbuild: [ '0.21.5' ],
53 silly audit   escalade: [ '3.2.0' ],
53 silly audit   esutils: [ '2.0.3' ],
53 silly audit   expect: [ '29.7.0' ],
53 silly audit   'fast-deep-equal': [ '3.1.3' ],
53 silly audit   'fast-uri': [ '3.0.3' ],
53 silly audit   'fill-range': [ '7.1.1' ],
53 silly audit   'find-cache-dir': [ '4.0.0' ],
53 silly audit   'find-root': [ '1.1.0' ],
53 silly audit   'find-up': [ '6.3.0' ],
53 silly audit   'follow-redirects': [ '1.15.9' ],
53 silly audit   'for-each': [ '0.3.3' ],
53 silly audit   'form-data': [ '4.0.1' ],
53 silly audit   'fs-minipass': [ '2.1.0' ],
53 silly audit   minipass: [ '3.3.6', '5.0.0' ],
53 silly audit   yallist: [ '4.0.0', '3.1.1' ],
53 silly audit   'fs.realpath': [ '1.0.0' ],
53 silly audit   fsevents: [ '2.3.3' ],
53 silly audit   'function-bind': [ '1.1.2' ],
53 silly audit   'functions-have-names': [ '1.2.3' ],
53 silly audit   gauge: [ '3.0.2' ],
53 silly audit   gensync: [ '1.0.0-beta.2' ],
53 silly audit   'get-intrinsic': [ '1.2.4' ],
53 silly audit   glob: [ '7.2.3' ],
53 silly audit   globals: [ '11.12.0' ],
53 silly audit   gopd: [ '1.0.1' ],
53 silly audit   'graceful-fs': [ '4.2.11' ],
53 silly audit   'has-bigints': [ '1.0.2' ],
53 silly audit   'has-property-descriptors': [ '1.0.2' ],
53 silly audit   'has-proto': [ '1.0.3' ],
53 silly audit   'has-symbols': [ '1.0.3' ],
53 silly audit   'has-tostringtag': [ '1.0.2' ],
53 silly audit   'has-unicode': [ '2.0.1' ],
53 silly audit   hasown: [ '2.0.2' ],
53 silly audit   'hoist-non-react-statics': [ '3.3.2' ],
53 silly audit   'react-is': [ '16.13.1', '17.0.2', '18.3.1' ],
53 silly audit   'https-proxy-agent': [ '5.0.1' ],
53 silly audit   'immutability-helper': [ '3.1.1' ],
53 silly audit   'import-fresh': [ '3.3.0' ],
53 silly audit   'indent-string': [ '4.0.0' ],
53 silly audit   inflight: [ '1.0.6' ],
53 silly audit   inherits: [ '2.0.4' ],
53 silly audit   'internal-slot': [ '1.0.7' ],
53 silly audit   'is-arguments': [ '1.1.1' ],
53 silly audit   'is-array-buffer': [ '3.0.4' ],
53 silly audit   'is-arrayish': [ '0.2.1' ],
53 silly audit   'is-bigint': [ '1.0.4' ],
53 silly audit   'is-boolean-object': [ '1.1.2' ],
53 silly audit   'is-callable': [ '1.2.7' ],
53 silly audit   'is-core-module': [ '2.15.1' ],
53 silly audit   'is-date-object': [ '1.0.5' ],
53 silly audit   'is-fullwidth-code-point': [ '3.0.0' ],
53 silly audit   'is-map': [ '2.0.3' ],
53 silly audit   'is-number': [ '7.0.0' ],
53 silly audit   'is-number-object': [ '1.0.7' ],
53 silly audit   'is-regex': [ '1.1.4' ],
53 silly audit   'is-set': [ '2.0.3' ],
53 silly audit   'is-shared-array-buffer': [ '1.0.3' ],
53 silly audit   'is-string': [ '1.0.7' ],
53 silly audit   'is-symbol': [ '1.0.4' ],
53 silly audit   'is-weakmap': [ '2.0.2' ],
53 silly audit   'is-weakset': [ '2.0.3' ],
53 silly audit   isarray: [ '2.0.5' ],
53 silly audit   'jest-diff': [ '29.7.0' ],
53 silly audit   'jest-get-type': [ '29.6.3' ],
53 silly audit   'jest-matcher-utils': [ '29.7.0' ],
53 silly audit   'jest-message-util': [ '29.7.0' ],
53 silly audit   'jest-util': [ '29.7.0' ],
53 silly audit   'js-tokens': [ '4.0.0' ],
53 silly audit   jsesc: [ '3.0.2' ],
53 silly audit   'json-parse-even-better-errors': [ '2.3.1' ],
53 silly audit   'json-schema-traverse': [ '1.0.0' ],
53 silly audit   json5: [ '2.2.3' ],
53 silly audit   kareem: [ '2.6.3' ],
53 silly audit   keycode: [ '2.2.1' ],
53 silly audit   'lines-and-columns': [ '1.2.4' ],
53 silly audit   'locate-path': [ '7.2.0' ],
53 silly audit   lodash: [ '4.17.21' ],
53 silly audit   'lodash.debounce': [ '4.0.8' ],
53 silly audit   'loose-envify': [ '1.4.0' ],
53 silly audit   'lru-cache': [ '5.1.1' ],
53 silly audit   'lz-string': [ '1.5.0' ],
53 silly audit   'make-dir': [ '3.1.0' ],
53 silly audit   'memoize-one': [ '5.2.1' ],
53 silly audit   'memory-pager': [ '1.5.0' ],
53 silly audit   micromatch: [ '4.0.8' ],
53 silly audit   'mime-db': [ '1.52.0' ],
53 silly audit   'mime-types': [ '2.1.35' ],
53 silly audit   'min-indent': [ '1.0.1' ],
53 silly audit   minimatch: [ '3.1.2' ],
53 silly audit   minizlib: [ '2.1.2' ],
53 silly audit   mkdirp: [ '1.0.4' ],
53 silly audit   mongodb: [ '6.9.0' ],
53 silly audit   'mongodb-connection-string-url': [ '3.0.1' ],
53 silly audit   mongoose: [ '8.7.2' ],
53 silly audit   mpath: [ '0.9.0' ],
53 silly audit   mquery: [ '5.0.0' ],
53 silly audit   ms: [ '2.1.3' ],
53 silly audit   nanoid: [ '3.3.7' ],
53 silly audit   'node-addon-api': [ '5.1.0' ],
53 silly audit   'node-fetch': [ '2.7.0' ],
53 silly audit   tr46: [ '0.0.3', '4.1.1' ],
53 silly audit   'webidl-conversions': [ '3.0.1', '7.0.0' ],
53 silly audit   'whatwg-url': [ '5.0.0', '13.0.0' ],
53 silly audit   'node-releases': [ '2.0.18' ],
53 silly audit   nopt: [ '5.0.0' ],
53 silly audit   npmlog: [ '5.0.1' ],
53 silly audit   'object-assign': [ '4.1.1' ],
53 silly audit   'object-inspect': [ '1.13.2' ],
53 silly audit   'object-is': [ '1.1.6' ],
53 silly audit   'object-keys': [ '1.1.1' ],
53 silly audit   'object.assign': [ '4.1.5' ],
53 silly audit   once: [ '1.4.0' ],
53 silly audit   'p-limit': [ '4.0.0' ],
53 silly audit   'p-locate': [ '6.0.0' ],
53 silly audit   'parent-module': [ '1.0.1' ],
53 silly audit   'parse-json': [ '5.2.0' ],
53 silly audit   'path-exists': [ '5.0.0' ],
53 silly audit   'path-is-absolute': [ '1.0.1' ],
53 silly audit   'path-parse': [ '1.0.7' ],
53 silly audit   'path-type': [ '4.0.0' ],
53 silly audit   picocolors: [ '1.1.1' ],
53 silly audit   picomatch: [ '2.3.1' ],
53 silly audit   'pkg-dir': [ '7.0.0' ],
53 silly audit   'possible-typed-array-names': [ '1.0.0' ],
53 silly audit   postcss: [ '8.4.47' ],
53 silly audit   'prop-types': [ '15.8.1' ],
53 silly audit   'proxy-from-env': [ '1.1.0' ],
53 silly audit   punycode: [ '2.3.1' ],
53 silly audit   'raf-schd': [ '4.0.3' ],
53 silly audit   react: [ '18.3.1' ],
53 silly audit   'react-beautiful-dnd': [ '13.1.1' ],
53 silly audit   'react-dnd': [ '16.0.1' ],
53 silly audit   'react-dnd-html5-backend': [ '16.0.1' ],
53 silly audit   'react-dom': [ '18.3.1' ],
53 silly audit   'react-event-listener': [ '0.6.6' ],
53 silly audit   'react-redux': [ '7.2.9' ],
53 silly audit   'react-refresh': [ '0.14.2' ],
53 silly audit   'react-router': [ '6.27.0' ],
53 silly audit   'react-router-dom': [ '6.27.0' ],
53 silly audit   'react-swipeable': [ '7.0.1' ],
53 silly audit   'react-swipeable-views': [ '0.14.0' ],
53 silly audit   'react-swipeable-views-core': [ '0.14.0' ],
53 silly audit   'regenerator-runtime': [ '0.12.1', '0.14.1' ],
53 silly audit   'react-swipeable-views-utils': [ '0.14.0' ],
53 silly audit   'react-transition-group': [ '4.4.5' ],
53 silly audit   'readable-stream': [ '3.6.2' ],
53 silly audit   redent: [ '3.0.0' ],
53 silly audit   redux: [ '4.2.1' ],
53 silly audit   regenerate: [ '1.4.2' ],
53 silly audit   'regenerate-unicode-properties': [ '10.2.0' ],
53 silly audit   'regenerator-transform': [ '0.15.2' ],
53 silly audit   'regexp.prototype.flags': [ '1.5.3' ],
53 silly audit   'regexpu-core': [ '6.1.1' ],
53 silly audit   regjsgen: [ '0.8.0' ],
53 silly audit   regjsparser: [ '0.11.1' ],
53 silly audit   'require-from-string': [ '2.0.2' ],
53 silly audit   resolve: [ '1.22.8' ],
53 silly audit   'resolve-from': [ '4.0.0' ],
53 silly audit   rimraf: [ '3.0.2' ],
53 silly audit   rollup: [ '4.24.0' ],
53 silly audit   'safe-buffer': [ '5.2.1' ],
53 silly audit   scheduler: [ '0.23.2' ],
53 silly audit   'schema-utils': [ '4.2.0' ],
53 silly audit   'set-blocking': [ '2.0.0' ],
53 silly audit   'set-function-length': [ '1.2.2' ],
53 silly audit   'set-function-name': [ '2.0.2' ],
53 silly audit   'shallow-equal': [ '1.2.1' ],
53 silly audit   'side-channel': [ '1.0.6' ],
53 silly audit   sift: [ '17.1.3' ],
53 silly audit   'signal-exit': [ '3.0.7' ],
53 silly audit   slash: [ '3.0.0' ],
53 silly audit   'source-map': [ '0.5.7' ],
53 silly audit   'source-map-js': [ '1.2.1' ],
53 silly audit   'sparse-bitfield': [ '3.0.3' ],
53 silly audit   'stack-utils': [ '2.0.6' ],
53 silly audit   'stop-iteration-iterator': [ '1.0.0' ],
53 silly audit   string_decoder: [ '1.3.0' ],
53 silly audit   'string-width': [ '4.2.3' ],
53 silly audit   'strip-ansi': [ '6.0.1' ],
53 silly audit   'strip-indent': [ '3.0.0' ],
53 silly audit   stylis: [ '4.2.0' ],
53 silly audit   'supports-preserve-symlinks-flag': [ '1.0.0' ],
53 silly audit   tar: [ '6.2.1' ],
53 silly audit   'tiny-invariant': [ '1.3.3' ],
53 silly audit   'to-regex-range': [ '5.0.1' ],
53 silly audit   'undici-types': [ '6.19.8' ],
53 silly audit   'unicode-canonical-property-names-ecmascript': [ '2.0.1' ],
53 silly audit   'unicode-match-property-ecmascript': [ '2.0.0' ],
53 silly audit   'unicode-match-property-value-ecmascript': [ '2.2.0' ],
53 silly audit   'unicode-property-aliases-ecmascript': [ '2.1.0' ],
53 silly audit   'update-browserslist-db': [ '1.1.1' ],
53 silly audit   'use-memo-one': [ '1.1.3' ],
53 silly audit   'util-deprecate': [ '1.0.2' ],
53 silly audit   vary: [ '1.1.2' ],
53 silly audit   vite: [ '5.4.10' ],
53 silly audit   warning: [ '4.0.3' ],
53 silly audit   'web-vitals': [ '2.1.4' ],
53 silly audit   'which-boxed-primitive': [ '1.0.2' ],
53 silly audit   'which-collection': [ '1.0.2' ],
53 silly audit   'which-typed-array': [ '1.1.15' ],
53 silly audit   'wide-align': [ '1.1.5' ],
53 silly audit   wrappy: [ '1.0.2' ],
53 silly audit   yaml: [ '1.10.2' ],
53 silly audit   'yocto-queue': [ '1.1.1' ],
53 silly audit   dotenv: [ '16.4.5' ]
53 silly audit }
54 verbose reify failed optional dependency /home/jonwretlind/frontend/node_modules/fsevents
55 silly reify mark deleted [ '/home/jonwretlind/frontend/node_modules/fsevents' ]
56 verbose reify failed optional dependency /home/jonwretlind/frontend/node_modules/@rollup/rollup-win32-x64-msvc
57 silly reify mark deleted [
57 silly reify   '/home/jonwretlind/frontend/node_modules/@rollup/rollup-win32-x64-msvc'
57 silly reify ]
58 verbose reify failed optional dependency /home/jonwretlind/frontend/node_modules/@rollup/rollup-win32-ia32-msvc
59 silly reify mark deleted [
59 silly reify   '/home/jonwretlind/frontend/node_modules/@rollup/rollup-win32-ia32-msvc'
59 silly reify ]
60 verbose reify failed optional dependency /home/jonwretlind/frontend/node_modules/@rollup/rollup-win32-arm64-msvc
61 silly reify mark deleted [
61 silly reify   '/home/jonwretlind/frontend/node_modules/@rollup/rollup-win32-arm64-msvc'
61 silly reify ]
62 verbose reify failed optional dependency /home/jonwretlind/frontend/node_modules/@rollup/rollup-linux-s390x-gnu
63 silly reify mark deleted [
63 silly reify   '/home/jonwretlind/frontend/node_modules/@rollup/rollup-linux-s390x-gnu'
63 silly reify ]
64 verbose reify failed optional dependency /home/jonwretlind/frontend/node_modules/@rollup/rollup-linux-riscv64-gnu
65 silly reify mark deleted [
65 silly reify   '/home/jonwretlind/frontend/node_modules/@rollup/rollup-linux-riscv64-gnu'
65 silly reify ]
66 verbose reify failed optional dependency /home/jonwretlind/frontend/node_modules/@rollup/rollup-linux-powerpc64le-gnu
67 silly reify mark deleted [
67 silly reify   '/home/jonwretlind/frontend/node_modules/@rollup/rollup-linux-powerpc64le-gnu'
67 silly reify ]
68 verbose reify failed optional dependency /home/jonwretlind/frontend/node_modules/@rollup/rollup-linux-arm64-musl
69 silly reify mark deleted [
69 silly reify   '/home/jonwretlind/frontend/node_modules/@rollup/rollup-linux-arm64-musl'
69 silly reify ]
70 verbose reify failed optional dependency /home/jonwretlind/frontend/node_modules/@rollup/rollup-linux-arm64-gnu
71 silly reify mark deleted [
71 silly reify   '/home/jonwretlind/frontend/node_modules/@rollup/rollup-linux-arm64-gnu'
71 silly reify ]
72 verbose reify failed optional dependency /home/jonwretlind/frontend/node_modules/@rollup/rollup-linux-arm-musleabihf
73 silly reify mark deleted [
73 silly reify   '/home/jonwretlind/frontend/node_modules/@rollup/rollup-linux-arm-musleabihf'
73 silly reify ]
74 verbose reify failed optional dependency /home/jonwretlind/frontend/node_modules/@rollup/rollup-linux-arm-gnueabihf
75 silly reify mark deleted [
75 silly reify   '/home/jonwretlind/frontend/node_modules/@rollup/rollup-linux-arm-gnueabihf'
75 silly reify ]
76 verbose reify failed optional dependency /home/jonwretlind/frontend/node_modules/@rollup/rollup-darwin-x64
77 silly reify mark deleted [ '/home/jonwretlind/frontend/node_modules/@rollup/rollup-darwin-x64' ]
78 verbose reify failed optional dependency /home/jonwretlind/frontend/node_modules/@rollup/rollup-darwin-arm64
79 silly reify mark deleted [
79 silly reify   '/home/jonwretlind/frontend/node_modules/@rollup/rollup-darwin-arm64'
79 silly reify ]
80 verbose reify failed optional dependency /home/jonwretlind/frontend/node_modules/@rollup/rollup-android-arm64
81 silly reify mark deleted [
81 silly reify   '/home/jonwretlind/frontend/node_modules/@rollup/rollup-android-arm64'
81 silly reify ]
82 verbose reify failed optional dependency /home/jonwretlind/frontend/node_modules/@rollup/rollup-android-arm-eabi
83 silly reify mark deleted [
83 silly reify   '/home/jonwretlind/frontend/node_modules/@rollup/rollup-android-arm-eabi'
83 silly reify ]
84 verbose reify failed optional dependency /home/jonwretlind/frontend/node_modules/@esbuild/win32-x64
85 silly reify mark deleted [ '/home/jonwretlind/frontend/node_modules/@esbuild/win32-x64' ]
86 verbose reify failed optional dependency /home/jonwretlind/frontend/node_modules/@esbuild/win32-ia32
87 silly reify mark deleted [ '/home/jonwretlind/frontend/node_modules/@esbuild/win32-ia32' ]
88 verbose reify failed optional dependency /home/jonwretlind/frontend/node_modules/@esbuild/win32-arm64
89 silly reify mark deleted [ '/home/jonwretlind/frontend/node_modules/@esbuild/win32-arm64' ]
90 verbose reify failed optional dependency /home/jonwretlind/frontend/node_modules/@esbuild/sunos-x64
91 silly reify mark deleted [ '/home/jonwretlind/frontend/node_modules/@esbuild/sunos-x64' ]
92 verbose reify failed optional dependency /home/jonwretlind/frontend/node_modules/@esbuild/openbsd-x64
93 silly reify mark deleted [ '/home/jonwretlind/frontend/node_modules/@esbuild/openbsd-x64' ]
94 verbose reify failed optional dependency /home/jonwretlind/frontend/node_modules/@esbuild/netbsd-x64
95 silly reify mark deleted [ '/home/jonwretlind/frontend/node_modules/@esbuild/netbsd-x64' ]
96 verbose reify failed optional dependency /home/jonwretlind/frontend/node_modules/@esbuild/linux-s390x
97 silly reify mark deleted [ '/home/jonwretlind/frontend/node_modules/@esbuild/linux-s390x' ]
98 verbose reify failed optional dependency /home/jonwretlind/frontend/node_modules/@esbuild/linux-riscv64
99 silly reify mark deleted [ '/home/jonwretlind/frontend/node_modules/@esbuild/linux-riscv64' ]
100 verbose reify failed optional dependency /home/jonwretlind/frontend/node_modules/@esbuild/linux-ppc64
101 silly reify mark deleted [ '/home/jonwretlind/frontend/node_modules/@esbuild/linux-ppc64' ]
102 verbose reify failed optional dependency /home/jonwretlind/frontend/node_modules/@esbuild/linux-mips64el
103 silly reify mark deleted [ '/home/jonwretlind/frontend/node_modules/@esbuild/linux-mips64el' ]
104 verbose reify failed optional dependency /home/jonwretlind/frontend/node_modules/@esbuild/linux-loong64
105 silly reify mark deleted [ '/home/jonwretlind/frontend/node_modules/@esbuild/linux-loong64' ]
106 verbose reify failed optional dependency /home/jonwretlind/frontend/node_modules/@esbuild/linux-ia32
107 silly reify mark deleted [ '/home/jonwretlind/frontend/node_modules/@esbuild/linux-ia32' ]
108 verbose reify failed optional dependency /home/jonwretlind/frontend/node_modules/@esbuild/linux-arm64
109 silly reify mark deleted [ '/home/jonwretlind/frontend/node_modules/@esbuild/linux-arm64' ]
110 verbose reify failed optional dependency /home/jonwretlind/frontend/node_modules/@esbuild/linux-arm
111 silly reify mark deleted [ '/home/jonwretlind/frontend/node_modules/@esbuild/linux-arm' ]
112 verbose reify failed optional dependency /home/jonwretlind/frontend/node_modules/@esbuild/freebsd-x64
113 silly reify mark deleted [ '/home/jonwretlind/frontend/node_modules/@esbuild/freebsd-x64' ]
114 verbose reify failed optional dependency /home/jonwretlind/frontend/node_modules/@esbuild/freebsd-arm64
115 silly reify mark deleted [ '/home/jonwretlind/frontend/node_modules/@esbuild/freebsd-arm64' ]
116 verbose reify failed optional dependency /home/jonwretlind/frontend/node_modules/@esbuild/darwin-x64
117 silly reify mark deleted [ '/home/jonwretlind/frontend/node_modules/@esbuild/darwin-x64' ]
118 verbose reify failed optional dependency /home/jonwretlind/frontend/node_modules/@esbuild/darwin-arm64
119 silly reify mark deleted [ '/home/jonwretlind/frontend/node_modules/@esbuild/darwin-arm64' ]
120 verbose reify failed optional dependency /home/jonwretlind/frontend/node_modules/@esbuild/android-x64
121 silly reify mark deleted [ '/home/jonwretlind/frontend/node_modules/@esbuild/android-x64' ]
122 verbose reify failed optional dependency /home/jonwretlind/frontend/node_modules/@esbuild/android-arm64
123 silly reify mark deleted [ '/home/jonwretlind/frontend/node_modules/@esbuild/android-arm64' ]
124 verbose reify failed optional dependency /home/jonwretlind/frontend/node_modules/@esbuild/android-arm
125 silly reify mark deleted [ '/home/jonwretlind/frontend/node_modules/@esbuild/android-arm' ]
126 verbose reify failed optional dependency /home/jonwretlind/frontend/node_modules/@esbuild/aix-ppc64
127 silly reify mark deleted [ '/home/jonwretlind/frontend/node_modules/@esbuild/aix-ppc64' ]
128 timing reifyNode:node_modules/fsevents Completed in 98ms
129 timing reifyNode:node_modules/@rollup/rollup-win32-x64-msvc Completed in 98ms
130 timing reifyNode:node_modules/@rollup/rollup-win32-ia32-msvc Completed in 99ms
131 timing reifyNode:node_modules/@rollup/rollup-win32-arm64-msvc Completed in 99ms
132 timing reifyNode:node_modules/@rollup/rollup-linux-s390x-gnu Completed in 98ms
133 timing reifyNode:node_modules/@rollup/rollup-linux-riscv64-gnu Completed in 98ms
134 timing reifyNode:node_modules/@rollup/rollup-linux-powerpc64le-gnu Completed in 98ms
135 timing reifyNode:node_modules/@rollup/rollup-linux-arm64-musl Completed in 98ms
136 timing reifyNode:node_modules/@rollup/rollup-linux-arm64-gnu Completed in 98ms
137 timing reifyNode:node_modules/@rollup/rollup-linux-arm-musleabihf Completed in 97ms
138 timing reifyNode:node_modules/@rollup/rollup-linux-arm-gnueabihf Completed in 97ms
139 timing reifyNode:node_modules/@rollup/rollup-darwin-x64 Completed in 98ms
140 timing reifyNode:node_modules/@rollup/rollup-darwin-arm64 Completed in 98ms
141 timing reifyNode:node_modules/@rollup/rollup-android-arm64 Completed in 98ms
142 timing reifyNode:node_modules/@rollup/rollup-android-arm-eabi Completed in 98ms
143 timing reifyNode:node_modules/@esbuild/win32-x64 Completed in 98ms
144 timing reifyNode:node_modules/@esbuild/win32-ia32 Completed in 97ms
145 timing reifyNode:node_modules/@esbuild/win32-arm64 Completed in 97ms
146 timing reifyNode:node_modules/@esbuild/sunos-x64 Completed in 97ms
147 timing reifyNode:node_modules/@esbuild/openbsd-x64 Completed in 97ms
148 timing reifyNode:node_modules/@esbuild/netbsd-x64 Completed in 98ms
149 timing reifyNode:node_modules/@esbuild/linux-s390x Completed in 98ms
150 timing reifyNode:node_modules/@esbuild/linux-riscv64 Completed in 98ms
151 timing reifyNode:node_modules/@esbuild/linux-ppc64 Completed in 98ms
152 timing reifyNode:node_modules/@esbuild/linux-mips64el Completed in 97ms
153 timing reifyNode:node_modules/@esbuild/linux-loong64 Completed in 97ms
154 timing reifyNode:node_modules/@esbuild/linux-ia32 Completed in 98ms
155 timing reifyNode:node_modules/@esbuild/linux-arm64 Completed in 98ms
156 timing reifyNode:node_modules/@esbuild/linux-arm Completed in 98ms
157 timing reifyNode:node_modules/@esbuild/freebsd-x64 Completed in 98ms
158 timing reifyNode:node_modules/@esbuild/freebsd-arm64 Completed in 98ms
159 timing reifyNode:node_modules/@esbuild/darwin-x64 Completed in 98ms
160 timing reifyNode:node_modules/@esbuild/darwin-arm64 Completed in 98ms
161 timing reifyNode:node_modules/@esbuild/android-x64 Completed in 97ms
162 timing reifyNode:node_modules/@esbuild/android-arm64 Completed in 97ms
163 timing reifyNode:node_modules/@esbuild/android-arm Completed in 97ms
164 timing reifyNode:node_modules/@esbuild/aix-ppc64 Completed in 97ms
165 timing reifyNode:node_modules/dotenv Completed in 195ms
166 timing reify:unpack Completed in 195ms
167 timing reify:unretire Completed in 1ms
168 timing build:queue Completed in 8ms
169 timing build:deps Completed in 9ms
170 timing build Completed in 9ms
171 timing reify:build Completed in 13ms
172 timing reify:trash Completed in 14ms
173 http fetch POST 200 https://registry.npmjs.org/-/npm/v1/security/advisories/bulk 584ms
174 timing auditReport:getReport Completed in 606ms
175 silly audit report {}
176 timing auditReport:init Completed in 0ms
177 timing reify:audit Completed in 607ms
178 timing reify:save Completed in 358ms
179 timing reify Completed in 2875ms
180 silly ADD node_modules/dotenv
181 silly ADD
182 silly ADD
183 silly ADD
184 silly ADD
185 silly ADD
186 silly ADD
187 silly ADD
188 silly ADD
189 silly ADD
190 silly ADD
191 silly ADD
192 silly ADD
193 silly ADD
194 silly ADD
195 silly ADD
196 silly ADD
197 silly ADD
198 silly ADD
199 silly ADD
200 silly ADD
201 silly ADD
202 silly ADD
203 silly ADD
204 silly ADD
205 silly ADD
206 silly ADD
207 silly ADD
208 silly ADD
209 silly ADD
210 silly ADD
211 silly ADD
212 silly ADD
213 silly ADD
214 silly ADD
215 silly ADD
216 silly ADD
217 silly ADD
218 timing command:install Completed in 2900ms
219 verbose exit 0
220 timing npm Completed in 3007ms
221 info ok
